Log file open, 04/17/20 10:16:47
LogWindows: Failed to load 'aqProf.dll' (GetLastError=126)
LogWindows: File 'aqProf.dll' does not exist
LogWindows: Failed to load 'VtuneApi.dll' (GetLastError=126)
LogWindows: File 'VtuneApi.dll' does not exist
LogWindows: Failed to load 'VtuneApi32e.dll' (GetLastError=126)
LogWindows: File 'VtuneApi32e.dll' does not exist
LogConsoleResponse: Display: Failed to find resolution value strings in scalability ini. Falling back to default.
LogInit: Display: Running engine for game: JSon_Plugin
LogPlatformFile: Not using cached read wrapper
LogTaskGraph: Started task graph with 5 named threads and 11 total threads with 3 sets of task threads.
LogStats: Stats thread started at 0.298867
LogD3D11RHI: Loaded GFSDK_Aftermath_Lib.x64.dll
LogICUInternationalization: ICU TimeZone Detection - Raw Offset: -5:00, Platform Override: ''
LogPluginManager: Mounting plugin Paper2D
LogPluginManager: Mounting plugin AISupport
LogPluginManager: Mounting plugin LightPropagationVolume
LogPluginManager: Mounting plugin ActorLayerUtilities
LogPluginManager: Mounting plugin AnimationSharing
LogPluginManager: Mounting plugin CLionSourceCodeAccess
LogPluginManager: Mounting plugin CodeLiteSourceCodeAccess
LogPluginManager: Mounting plugin GitSourceControl
LogPluginManager: Mounting plugin KDevelopSourceCodeAccess
LogPluginManager: Mounting plugin NullSourceCodeAccess
LogPluginManager: Mounting plugin PerforceSourceControl
LogPluginManager: Mounting plugin PlasticSourceControl
LogPluginManager: Mounting plugin SubversionSourceControl
LogPluginManager: Mounting plugin UObjectPlugin
LogPluginManager: Mounting plugin VisualStudioCodeSourceCodeAccess
LogPluginManager: Mounting plugin VisualStudioSourceCodeAccess
LogPluginManager: Mounting plugin XCodeSourceCodeAccess
LogPluginManager: Mounting plugin AssetManagerEditor
LogPluginManager: Mounting plugin CryptoKeys
LogPluginManager: Mounting plugin CurveEditorTools
LogPluginManager: Mounting plugin DataValidation
LogPluginManager: Mounting plugin FacialAnimation
LogPluginManager: Mounting plugin GameplayTagsEditor
LogPluginManager: Mounting plugin MacGraphicsSwitching
LogPluginManager: Mounting plugin MaterialAnalyzer
LogPluginManager: Mounting plugin MobileLauncherProfileWizard
LogPluginManager: Mounting plugin PluginBrowser
LogPluginManager: Mounting plugin SpeedTreeImporter
LogPluginManager: Mounting plugin DatasmithContent
LogPluginManager: Mounting plugin VariantManagerContent
LogPluginManager: Mounting plugin AlembicImporter
LogPluginManager: Mounting plugin AutomationUtils
LogPluginManager: Mounting plugin BackChannel
LogPluginManager: Mounting plugin CharacterAI
LogPluginManager: Mounting plugin GeometryCache
LogPluginManager: Mounting plugin PlatformCrypto
LogPluginManager: Mounting plugin ProxyLODPlugin
LogPluginManager: Mounting plugin SkeletalReduction
LogPluginManager: Mounting plugin MagicLeap
LogPluginManager: Mounting plugin MagicLeapMedia
LogPluginManager: Mounting plugin MLSDK
LogPluginManager: Mounting plugin AndroidMedia
LogPluginManager: Mounting plugin AvfMedia
LogPluginManager: Mounting plugin ImgMedia
LogPluginManager: Mounting plugin MediaCompositing
LogPluginManager: Mounting plugin MediaPlayerEditor
LogPluginManager: Mounting plugin WebMMedia
LogPluginManager: Mounting plugin WmfMedia
LogPluginManager: Mounting plugin TcpMessaging
LogPluginManager: Mounting plugin UdpMessaging
LogPluginManager: Mounting plugin ActorSequence
LogPluginManager: Mounting plugin LevelSequenceEditor
LogPluginManager: Mounting plugin MatineeToLevelSequence
LogPluginManager: Mounting plugin NetcodeUnitTest
LogPluginManager: Mounting plugin NUTUnrealEngine4
LogPluginManager: Mounting plugin OnlineSubsystemGooglePlay
LogPluginManager: Mounting plugin OnlineSubsystemIOS
LogPluginManager: Mounting plugin OnlineSubsystem
LogPluginManager: Mounting plugin OnlineSubsystemNull
LogPluginManager: Mounting plugin OnlineSubsystemUtils
LogPluginManager: Mounting plugin LauncherChunkInstaller
LogPluginManager: Mounting plugin AndroidDeviceProfileSelector
LogPluginManager: Mounting plugin AndroidMoviePlayer
LogPluginManager: Mounting plugin AndroidPermission
LogPluginManager: Mounting plugin AppleImageUtils
LogPluginManager: Mounting plugin AppleMoviePlayer
LogPluginManager: Mounting plugin ArchVisCharacter
LogPluginManager: Mounting plugin AssetTags
LogPluginManager: Mounting plugin AudioCapture
LogPluginManager: Mounting plugin CableComponent
LogPluginManager: Mounting plugin CustomMeshComponent
LogPluginManager: Mounting plugin EditableMesh
LogPluginManager: Mounting plugin ExampleDeviceProfileSelector
LogPluginManager: Mounting plugin GoogleCloudMessaging
LogPluginManager: Mounting plugin IOSDeviceProfileSelector
LogPluginManager: Mounting plugin LinuxDeviceProfileSelector
LogPluginManager: Mounting plugin LocationServicesBPLibrary
LogPluginManager: Mounting plugin MobilePatchingUtils
LogPluginManager: Mounting plugin OculusVR
LogPluginManager: Mounting plugin PhysXVehicles
LogPluginManager: Mounting plugin PostSplashScreen
LogPluginManager: Mounting plugin ProceduralMeshComponent
LogPluginManager: Mounting plugin RuntimePhysXCooking
LogPluginManager: Mounting plugin SignificanceManager
LogPluginManager: Mounting plugin SteamVR
LogPluginManager: Mounting plugin WebMMoviePlayer
LogPluginManager: Mounting plugin WindowsMoviePlayer
LogPluginManager: Mounting plugin ScreenshotTools
LogInit: Using libcurl 7.55.1-DEV
LogInit:  - built for x86_64-pc-win32
LogInit:  - supports SSL with OpenSSL/1.1.1
LogInit:  - supports HTTP deflate (compression) using libz 1.2.8
LogInit:  - other features:
LogInit:      CURL_VERSION_SSL
LogInit:      CURL_VERSION_LIBZ
LogInit:      CURL_VERSION_IPV6
LogInit:      CURL_VERSION_ASYNCHDNS
LogInit:      CURL_VERSION_LARGEFILE
LogInit:      CURL_VERSION_IDN
LogInit:  CurlRequestOptions (configurable via config and command line):
LogInit:  - bVerifyPeer = true  - Libcurl will verify peer certificate
LogInit:  - bUseHttpProxy = false  - Libcurl will NOT use HTTP proxy
LogInit:  - bDontReuseConnections = false  - Libcurl will reuse connections
LogInit:  - MaxHostConnections = 16  - Libcurl will limit the number of connections to a host
LogInit:  - LocalHostAddr = Default
LogInit:  - BufferSize = 65536
LogOnline: OSS: Creating online subsystem instance for: NULL
LogInit: WinSock: version 1.1 (2.2), MaxSocks=32767, MaxUdp=65467
LogOnline: OSS: TryLoadSubsystemAndSetDefault: Loaded subsystem for module [NULL]
LogInit: Build: ++UE4+Release-4.24-CL-11590370
LogInit: Engine Version: 4.24.3-11590370+++UE4+Release-4.24
LogInit: Compatible Engine Version: 4.24.0-10570792+++UE4+Release-4.24
LogInit: Net CL: 10570792
LogInit: OS: Windows 10 (Release 1809) (), CPU: Intel(R) Core(TM) i7-7500U CPU @ 2.70GHz, GPU: Intel(R) HD Graphics 620
LogInit: Compiled (64-bit): Feb 24 2020 15:39:18
LogInit: Compiled with Visual C++: 19.16.27032.01
LogInit: Build Configuration: Development
LogInit: Branch Name: ++UE4+Release-4.24
LogInit: Command Line:  -skipcompile
LogInit: Base Directory: C:/Program Files/Epic Games/UE_4.24/Engine/Binaries/Win64/
LogInit: Installed Engine Build: 1
LogDevObjectVersion: Number of dev versions registered: 25
LogDevObjectVersion:   Dev-Blueprints (B0D832E4-1F89-4F0D-ACCF-7EB736FD4AA2): 10
LogDevObjectVersion:   Dev-Build (E1C64328-A22C-4D53-A36C-8E866417BD8C): 0
LogDevObjectVersion:   Dev-Core (375EC13C-06E4-48FB-B500-84F0262A717E): 3
LogDevObjectVersion:   Dev-Editor (E4B068ED-F494-42E9-A231-DA0B2E46BB41): 37
LogDevObjectVersion:   Dev-Framework (CFFC743F-43B0-4480-9391-14DF171D2073): 36
LogDevObjectVersion:   Dev-Mobile (B02B49B5-BB20-44E9-A304-32B752E40360): 2
LogDevObjectVersion:   Dev-Networking (A4E4105C-59A1-49B5-A7C5-40C4547EDFEE): 0
LogDevObjectVersion:   Dev-Online (39C831C9-5AE6-47DC-9A44-9C173E1C8E7C): 0
LogDevObjectVersion:   Dev-Physics (78F01B33-EBEA-4F98-B9B4-84EACCB95AA2): 2
LogDevObjectVersion:   Dev-Platform (6631380F-2D4D-43E0-8009-CF276956A95A): 0
LogDevObjectVersion:   Dev-Rendering (12F88B9F-8875-4AFC-A67C-D90C383ABD29): 36
LogDevObjectVersion:   Dev-Sequencer (7B5AE74C-D270-4C10-A958-57980B212A5A): 11
LogDevObjectVersion:   Dev-VR (D7296918-1DD6-4BDD-9DE2-64A83CC13884): 2
LogDevObjectVersion:   Dev-LoadTimes (C2A15278-BFE7-4AFE-6C17-90FF531DF755): 1
LogDevObjectVersion:   Private-Geometry (6EACA3D4-40EC-4CC1-B786-8BED09428FC5): 3
LogDevObjectVersion:   Dev-AnimPhys (29E575DD-E0A3-4627-9D10-D276232CDCEA): 17
LogDevObjectVersion:   Dev-Anim (AF43A65D-7FD3-4947-9873-3E8ED9C1BB05): 2
LogDevObjectVersion:   Dev-ReflectionCapture (6B266CEC-1EC7-4B8F-A30B-E4D90942FC07): 1
LogDevObjectVersion:   Dev-Automation (0DF73D61-A23F-47EA-B727-89E90C41499A): 1
LogDevObjectVersion:   FortniteMain (601D1886-AC64-4F84-AA16-D3DE0DEAC7D6): 31
LogDevObjectVersion:   Dev-Enterprise (9DFFBCD6-494F-0158-E221-12823C92A888): 8
LogDevObjectVersion:   Dev-Niagara (F2AED0AC-9AFE-416F-8664-AA7FFA26D6FC): 1
LogDevObjectVersion:   Dev-Destruction (174F1F0B-B4C6-45A5-B13F-2EE8D0FB917D): 9
LogDevObjectVersion:   Dev-Physics-Ext (35F94A83-E258-406C-A318-09F59610247C): 8
LogDevObjectVersion:   Dev-CineCamera (B2E18506-4273-CFC2-A54E-F4BB758BBA07): 1
LogInit: Presizing for max 25165824 objects, including 0 objects not considered by GC, pre-allocating 0 bytes for permanent pool.
LogInit: Object subsystem initialized
LogConfig: Setting CVar [[con.DebugEarlyDefault:1]]
LogConfig: Setting CVar [[r.setres:1280x720]]
[2020.04.17-14.16.48:332][  0]LogConfig: Setting CVar [[r.VSync:0]]
[2020.04.17-14.16.48:332][  0]LogConfig: Setting CVar [[r.RHICmdBypass:0]]
[2020.04.17-14.16.48:332][  0]LogConfig: Applying CVar settings from Section [/Script/Engine.RendererSettings] File [C:/EPICGAMES/JSon_Plugin/Saved/Config/Windows/Engine.ini]
[2020.04.17-14.16.48:332][  0]LogConfig: Setting CVar [[r.GPUCrashDebugging:0]]
[2020.04.17-14.16.48:332][  0]LogConfig: Applying CVar settings from Section [/Script/Engine.RendererOverrideSettings] File [C:/EPICGAMES/JSon_Plugin/Saved/Config/Windows/Engine.ini]
[2020.04.17-14.16.48:332][  0]LogConfig: Applying CVar settings from Section [/Script/Engine.StreamingSettings] File [C:/EPICGAMES/JSon_Plugin/Saved/Config/Windows/Engine.ini]
[2020.04.17-14.16.48:332][  0]LogConfig: Setting CVar [[s.MinBulkDataSizeForAsyncLoading:131072]]
[2020.04.17-14.16.48:332][  0]LogConfig: Setting CVar [[s.AsyncLoadingThreadEnabled:0]]
[2020.04.17-14.16.48:332][  0]LogConfig: Setting CVar [[s.EventDrivenLoaderEnabled:1]]
[2020.04.17-14.16.48:332][  0]LogConfig: Setting CVar [[s.WarnIfTimeLimitExceeded:0]]
[2020.04.17-14.16.48:332][  0]LogConfig: Setting CVar [[s.TimeLimitExceededMultiplier:1.5]]
[2020.04.17-14.16.48:332][  0]LogConfig: Setting CVar [[s.TimeLimitExceededMinTime:0.005]]
[2020.04.17-14.16.48:332][  0]LogConfig: Setting CVar [[s.UseBackgroundLevelStreaming:1]]
[2020.04.17-14.16.48:333][  0]LogConfig: Setting CVar [[s.PriorityAsyncLoadingExtraTime:15.0]]
[2020.04.17-14.16.48:333][  0]LogConfig: Setting CVar [[s.LevelStreamingActorsUpdateTimeLimit:5.0]]
[2020.04.17-14.16.48:333][  0]LogConfig: Setting CVar [[s.PriorityLevelStreamingActorsUpdateExtraTime:5.0]]
[2020.04.17-14.16.48:333][  0]LogConfig: Setting CVar [[s.LevelStreamingComponentsRegistrationGranularity:10]]
[2020.04.17-14.16.48:333][  0]LogConfig: Setting CVar [[s.UnregisterComponentsTimeLimit:1.0]]
[2020.04.17-14.16.48:333][  0]LogConfig: Setting CVar [[s.LevelStreamingComponentsUnregistrationGranularity:5]]
[2020.04.17-14.16.48:333][  0]LogConfig: Setting CVar [[s.FlushStreamingOnExit:1]]
[2020.04.17-14.16.48:333][  0]LogConfig: Applying CVar settings from Section [/Script/Engine.GarbageCollectionSettings] File [C:/EPICGAMES/JSon_Plugin/Saved/Config/Windows/Engine.ini]
[2020.04.17-14.16.48:333][  0]LogConfig: Setting CVar [[gc.MaxObjectsNotConsideredByGC:1]]
[2020.04.17-14.16.48:333][  0]LogConfig: Setting CVar [[gc.SizeOfPermanentObjectPool:0]]
[2020.04.17-14.16.48:333][  0]LogConfig: Setting CVar [[gc.FlushStreamingOnGC:0]]
[2020.04.17-14.16.48:333][  0]LogConfig: Setting CVar [[gc.NumRetriesBeforeForcingGC:10]]
[2020.04.17-14.16.48:333][  0]LogConfig: Setting CVar [[gc.AllowParallelGC:1]]
[2020.04.17-14.16.48:333][  0]LogConfig: Setting CVar [[gc.TimeBetweenPurgingPendingKillObjects:61.1]]
[2020.04.17-14.16.48:333][  0]LogConfig: Setting CVar [[gc.MaxObjectsInEditor:25165824]]
[2020.04.17-14.16.48:333][  0]LogConfig: Setting CVar [[gc.IncrementalBeginDestroyEnabled:1]]
[2020.04.17-14.16.48:333][  0]LogConfig: Setting CVar [[gc.CreateGCClusters:1]]
[2020.04.17-14.16.48:334][  0]LogConfig: Setting CVar [[gc.MinGCClusterSize:5]]
[2020.04.17-14.16.48:334][  0]LogConfig: Setting CVar [[gc.ActorClusteringEnabled:0]]
[2020.04.17-14.16.48:334][  0]LogConfig: Setting CVar [[gc.BlueprintClusteringEnabled:0]]
[2020.04.17-14.16.48:334][  0]LogConfig: Setting CVar [[gc.UseDisregardForGCOnDedicatedServers:0]]
[2020.04.17-14.16.48:334][  0]LogConfig: Applying CVar settings from Section [/Script/Engine.NetworkSettings] File [C:/EPICGAMES/JSon_Plugin/Saved/Config/Windows/Engine.ini]
[2020.04.17-14.16.48:334][  0]LogConfig: Applying CVar settings from Section [/Script/UnrealEd.CookerSettings] File [C:/EPICGAMES/JSon_Plugin/Saved/Config/Windows/Engine.ini]
[2020.04.17-14.16.48:341][  0]LogConfig: Applying CVar settings from Section [ViewDistanceQuality@3] File [C:/EPICGAMES/JSon_Plugin/Saved/Config/Windows/Scalability.ini]
[2020.04.17-14.16.48:341][  0]LogConfig: Setting CVar [[r.SkeletalMeshLODBias:0]]
[2020.04.17-14.16.48:341][  0]LogConfig: Setting CVar [[r.ViewDistanceScale:1.0]]
[2020.04.17-14.16.48:341][  0]LogConfig: Applying CVar settings from Section [AntiAliasingQuality@3] File [C:/EPICGAMES/JSon_Plugin/Saved/Config/Windows/Scalability.ini]
[2020.04.17-14.16.48:341][  0]LogConfig: Setting CVar [[r.PostProcessAAQuality:4]]
[2020.04.17-14.16.48:342][  0]LogConfig: Applying CVar settings from Section [ShadowQuality@3] File [C:/EPICGAMES/JSon_Plugin/Saved/Config/Windows/Scalability.ini]
[2020.04.17-14.16.48:342][  0]LogConfig: Setting CVar [[r.LightFunctionQuality:1]]
[2020.04.17-14.16.48:342][  0]LogConfig: Setting CVar [[r.ShadowQuality:5]]
[2020.04.17-14.16.48:342][  0]LogConfig: Setting CVar [[r.Shadow.CSM.MaxCascades:10]]
[2020.04.17-14.16.48:342][  0]LogConfig: Setting CVar [[r.Shadow.MaxResolution:2048]]
[2020.04.17-14.16.48:342][  0]LogConfig: Setting CVar [[r.Shadow.MaxCSMResolution:2048]]
[2020.04.17-14.16.48:343][  0]LogConfig: Setting CVar [[r.Shadow.RadiusThreshold:0.01]]
[2020.04.17-14.16.48:343][  0]LogConfig: Setting CVar [[r.Shadow.DistanceScale:1.0]]
[2020.04.17-14.16.48:343][  0]LogConfig: Setting CVar [[r.Shadow.CSM.TransitionScale:1.0]]
[2020.04.17-14.16.48:343][  0]LogConfig: Setting CVar [[r.Shadow.PreShadowResolutionFactor:1.0]]
[2020.04.17-14.16.48:343][  0]LogConfig: Setting CVar [[r.DistanceFieldShadowing:1]]
[2020.04.17-14.16.48:343][  0]LogConfig: Setting CVar [[r.DistanceFieldAO:1]]
[2020.04.17-14.16.48:343][  0]LogConfig: Setting CVar [[r.AOQuality:2]]
[2020.04.17-14.16.48:343][  0]LogConfig: Setting CVar [[r.VolumetricFog:1]]
[2020.04.17-14.16.48:343][  0]LogConfig: Setting CVar [[r.VolumetricFog.GridPixelSize:8]]
[2020.04.17-14.16.48:343][  0]LogConfig: Setting CVar [[r.VolumetricFog.GridSizeZ:128]]
[2020.04.17-14.16.48:343][  0]LogConfig: Setting CVar [[r.VolumetricFog.HistoryMissSupersampleCount:4]]
[2020.04.17-14.16.48:343][  0]LogConfig: Setting CVar [[r.LightMaxDrawDistanceScale:1]]
[2020.04.17-14.16.48:343][  0]LogConfig: Setting CVar [[r.CapsuleShadows:1]]
[2020.04.17-14.16.48:343][  0]LogConfig: Applying CVar settings from Section [PostProcessQuality@3] File [C:/EPICGAMES/JSon_Plugin/Saved/Config/Windows/Scalability.ini]
[2020.04.17-14.16.48:344][  0]LogConfig: Setting CVar [[r.MotionBlurQuality:4]]
[2020.04.17-14.16.48:344][  0]LogConfig: Setting CVar [[r.AmbientOcclusionMipLevelFactor:0.4]]
[2020.04.17-14.16.48:344][  0]LogConfig: Setting CVar [[r.AmbientOcclusionMaxQuality:100]]
[2020.04.17-14.16.48:344][  0]LogConfig: Setting CVar [[r.AmbientOcclusionLevels:-1]]
[2020.04.17-14.16.48:344][  0]LogConfig: Setting CVar [[r.AmbientOcclusionRadiusScale:1.0]]
[2020.04.17-14.16.48:344][  0]LogConfig: Setting CVar [[r.DepthOfFieldQuality:2]]
[2020.04.17-14.16.48:344][  0]LogConfig: Setting CVar [[r.RenderTargetPoolMin:400]]
[2020.04.17-14.16.48:344][  0]LogConfig: Setting CVar [[r.LensFlareQuality:2]]
[2020.04.17-14.16.48:344][  0]LogConfig: Setting CVar [[r.SceneColorFringeQuality:1]]
[2020.04.17-14.16.48:344][  0]LogConfig: Setting CVar [[r.EyeAdaptationQuality:2]]
[2020.04.17-14.16.48:344][  0]LogConfig: Setting CVar [[r.BloomQuality:5]]
[2020.04.17-14.16.48:344][  0]LogConfig: Setting CVar [[r.FastBlurThreshold:100]]
[2020.04.17-14.16.48:344][  0]LogConfig: Setting CVar [[r.Upscale.Quality:3]]
[2020.04.17-14.16.48:344][  0]LogConfig: Setting CVar [[r.Tonemapper.GrainQuantization:1]]
[2020.04.17-14.16.48:344][  0]LogConfig: Setting CVar [[r.LightShaftQuality:1]]
[2020.04.17-14.16.48:344][  0]LogConfig: Setting CVar [[r.Filter.SizeScale:1]]
[2020.04.17-14.16.48:344][  0]LogConfig: Setting CVar [[r.Tonemapper.Quality:5]]
[2020.04.17-14.16.48:344][  0]LogConfig: Setting CVar [[r.DOF.Gather.AccumulatorQuality:1        ; higher gathering accumulator quality]]
[2020.04.17-14.16.48:344][  0]LogConfig: Setting CVar [[r.DOF.Gather.PostfilterMethod:1          ; Median3x3 postfilering method]]
[2020.04.17-14.16.48:345][  0]LogConfig: Setting CVar [[r.DOF.Gather.EnableBokehSettings:0       ; no bokeh simulation when gathering]]
[2020.04.17-14.16.48:345][  0]LogConfig: Setting CVar [[r.DOF.Gather.RingCount:4                 ; medium number of samples when gathering]]
[2020.04.17-14.16.48:345][  0]LogConfig: Setting CVar [[r.DOF.Scatter.ForegroundCompositing:1    ; additive foreground scattering]]
[2020.04.17-14.16.48:345][  0]LogConfig: Setting CVar [[r.DOF.Scatter.BackgroundCompositing:2    ; additive background scattering]]
[2020.04.17-14.16.48:345][  0]LogConfig: Setting CVar [[r.DOF.Scatter.EnableBokehSettings:1      ; bokeh simulation when scattering]]
[2020.04.17-14.16.48:345][  0]LogConfig: Setting CVar [[r.DOF.Scatter.MaxSpriteRatio:0.1         ; only a maximum of 10% of scattered bokeh]]
[2020.04.17-14.16.48:345][  0]LogConfig: Setting CVar [[r.DOF.Recombine.Quality:1                ; cheap slight out of focus]]
[2020.04.17-14.16.48:345][  0]LogConfig: Setting CVar [[r.DOF.Recombine.EnableBokehSettings:0    ; no bokeh simulation on slight out of focus]]
[2020.04.17-14.16.48:345][  0]LogConfig: Setting CVar [[r.DOF.TemporalAAQuality:1                ; more stable temporal accumulation]]
[2020.04.17-14.16.48:345][  0]LogConfig: Setting CVar [[r.DOF.Kernel.MaxForegroundRadius:0.025]]
[2020.04.17-14.16.48:345][  0]LogConfig: Setting CVar [[r.DOF.Kernel.MaxBackgroundRadius:0.025]]
[2020.04.17-14.16.48:345][  0]LogConfig: Applying CVar settings from Section [TextureQuality@3] File [C:/EPICGAMES/JSon_Plugin/Saved/Config/Windows/Scalability.ini]
[2020.04.17-14.16.48:345][  0]LogConfig: Setting CVar [[r.Streaming.MipBias:0]]
[2020.04.17-14.16.48:345][  0]LogConfig: Setting CVar [[r.Streaming.AmortizeCPUToGPUCopy:0]]
[2020.04.17-14.16.48:345][  0]LogConfig: Setting CVar [[r.Streaming.MaxNumTexturesToStreamPerFrame:0]]
[2020.04.17-14.16.48:345][  0]LogConfig: Setting CVar [[r.Streaming.Boost:1]]
[2020.04.17-14.16.48:345][  0]LogConfig: Setting CVar [[r.MaxAnisotropy:8]]
[2020.04.17-14.16.48:345][  0]LogConfig: Setting CVar [[r.VT.MaxAnisotropy:8]]
[2020.04.17-14.16.48:345][  0]LogConfig: Setting CVar [[r.Streaming.LimitPoolSizeToVRAM:0]]
[2020.04.17-14.16.48:346][  0]LogConfig: Setting CVar [[r.Streaming.PoolSize:1000]]
[2020.04.17-14.16.48:346][  0]LogConfig: Setting CVar [[r.Streaming.MaxEffectiveScreenSize:0]]
[2020.04.17-14.16.48:346][  0]LogConfig: Applying CVar settings from Section [EffectsQuality@3] File [C:/EPICGAMES/JSon_Plugin/Saved/Config/Windows/Scalability.ini]
[2020.04.17-14.16.48:346][  0]LogConfig: Setting CVar [[r.TranslucencyLightingVolumeDim:64]]
[2020.04.17-14.16.48:346][  0]LogConfig: Setting CVar [[r.RefractionQuality:2]]
[2020.04.17-14.16.48:346][  0]LogConfig: Setting CVar [[r.SSR.Quality:3]]
[2020.04.17-14.16.48:346][  0]LogConfig: Setting CVar [[r.SSR.HalfResSceneColor:0]]
[2020.04.17-14.16.48:346][  0]LogConfig: Setting CVar [[r.SceneColorFormat:4]]
[2020.04.17-14.16.48:346][  0]LogConfig: Setting CVar [[r.DetailMode:2]]
[2020.04.17-14.16.48:346][  0]LogConfig: Setting CVar [[r.TranslucencyVolumeBlur:1]]
[2020.04.17-14.16.48:346][  0]LogConfig: Setting CVar [[r.MaterialQualityLevel:1 ; High quality]]
[2020.04.17-14.16.48:346][  0]LogConfig: Setting CVar [[r.SSS.Scale:1]]
[2020.04.17-14.16.48:346][  0]LogConfig: Setting CVar [[r.SSS.SampleSet:2]]
[2020.04.17-14.16.48:346][  0]LogConfig: Setting CVar [[r.SSS.Quality:1]]
[2020.04.17-14.16.48:346][  0]LogConfig: Setting CVar [[r.SSS.HalfRes:1]]
[2020.04.17-14.16.48:346][  0]LogConfig: Setting CVar [[r.SSGI.Quality:3]]
[2020.04.17-14.16.48:346][  0]LogConfig: Setting CVar [[r.EmitterSpawnRateScale:1.0]]
[2020.04.17-14.16.48:346][  0]LogConfig: Setting CVar [[r.ParticleLightQuality:2]]
[2020.04.17-14.16.48:346][  0]LogConfig: Setting CVar [[r.SkyAtmosphere.AerialPerspectiveLUT.FastApplyOnOpaque:1 ; Always have FastSkyLUT 1 in this case to avoid wrong sky]]
[2020.04.17-14.16.48:347][  0]LogConfig: Setting CVar [[r.SkyAtmosphere.AerialPerspectiveLUT.SampleCountPerSlice:1]]
[2020.04.17-14.16.48:347][  0]LogConfig: Setting CVar [[r.SkyAtmosphere.AerialPerspectiveLUT.DepthResolution:16.0]]
[2020.04.17-14.16.48:347][  0]LogConfig: Setting CVar [[r.SkyAtmosphere.FastSkyLUT:1]]
[2020.04.17-14.16.48:347][  0]LogConfig: Setting CVar [[r.SkyAtmosphere.FastSkyLUT.SampleCountMin:4.0]]
[2020.04.17-14.16.48:347][  0]LogConfig: Setting CVar [[r.SkyAtmosphere.FastSkyLUT.SampleCountMax:32.0]]
[2020.04.17-14.16.48:347][  0]LogConfig: Setting CVar [[r.SkyAtmosphere.SampleCountMin:4.0]]
[2020.04.17-14.16.48:347][  0]LogConfig: Setting CVar [[r.SkyAtmosphere.SampleCountMax:32.0]]
[2020.04.17-14.16.48:347][  0]LogConfig: Setting CVar [[r.SkyAtmosphere.TransmittanceLUT.UseSmallFormat:0]]
[2020.04.17-14.16.48:347][  0]LogConfig: Setting CVar [[r.SkyAtmosphere.TransmittanceLUT.SampleCount:10.0]]
[2020.04.17-14.16.48:347][  0]LogConfig: Setting CVar [[r.SkyAtmosphere.MultiScatteringLUT.SampleCount:15.0]]
[2020.04.17-14.16.48:347][  0]LogConfig: Applying CVar settings from Section [FoliageQuality@3] File [C:/EPICGAMES/JSon_Plugin/Saved/Config/Windows/Scalability.ini]
[2020.04.17-14.16.48:347][  0]LogConfig: Setting CVar [[foliage.DensityScale:1.0]]
[2020.04.17-14.16.48:347][  0]LogConfig: Setting CVar [[grass.DensityScale:1.0]]
[2020.04.17-14.16.48:347][  0]LogConfig: Applying CVar settings from Section [ShadingQuality@3] File [C:/EPICGAMES/JSon_Plugin/Saved/Config/Windows/Scalability.ini]
[2020.04.17-14.16.48:347][  0]LogConfig: Setting CVar [[r.HairStrands.SkyLighting.SampleCount:16]]
[2020.04.17-14.16.48:347][  0]LogConfig: Setting CVar [[r.HairStrands.SkyLighting.JitterIntegration:0]]
[2020.04.17-14.16.48:347][  0]LogConfig: Setting CVar [[r.HairStrands.SkyAO.SampleCount:16]]
[2020.04.17-14.16.48:347][  0]LogInit: Selected Device Profile: [Windows]
[2020.04.17-14.16.48:348][  0]LogInit: Applying CVar settings loaded from the selected device profile: [Windows]
[2020.04.17-14.16.48:352][  0]LogHAL: Display: Platform has ~ 16 GB [17077964800 / 17179869184 / 16], which maps to Larger [LargestMinGB=32, LargerMinGB=12, DefaultMinGB=8, SmallerMinGB=6, SmallestMinGB=0)
[2020.04.17-14.16.48:352][  0]LogInit: Going up to parent DeviceProfile []
[2020.04.17-14.16.48:352][  0]LogConfig: Applying CVar settings from Section [ViewDistanceQuality@2] File [C:/EPICGAMES/JSon_Plugin/Saved/Config/Windows/Scalability.ini]
[2020.04.17-14.16.48:352][  0]LogConfig: Setting CVar [[r.SkeletalMeshLODBias:0]]
[2020.04.17-14.16.48:352][  0]LogConfig: Setting CVar [[r.ViewDistanceScale:0.8]]
[2020.04.17-14.16.48:352][  0]LogConfig: Applying CVar settings from Section [AntiAliasingQuality@2] File [C:/EPICGAMES/JSon_Plugin/Saved/Config/Windows/Scalability.ini]
[2020.04.17-14.16.48:352][  0]LogConfig: Setting CVar [[r.PostProcessAAQuality:3]]
[2020.04.17-14.16.48:352][  0]LogConfig: Applying CVar settings from Section [ShadowQuality@2] File [C:/EPICGAMES/JSon_Plugin/Saved/Config/Windows/Scalability.ini]
[2020.04.17-14.16.48:352][  0]LogConfig: Setting CVar [[r.LightFunctionQuality:1]]
[2020.04.17-14.16.48:352][  0]LogConfig: Setting CVar [[r.ShadowQuality:5]]
[2020.04.17-14.16.48:353][  0]LogConfig: Setting CVar [[r.Shadow.CSM.MaxCascades:4]]
[2020.04.17-14.16.48:353][  0]LogConfig: Setting CVar [[r.Shadow.MaxResolution:1024]]
[2020.04.17-14.16.48:353][  0]LogConfig: Setting CVar [[r.Shadow.MaxCSMResolution:2048]]
[2020.04.17-14.16.48:353][  0]LogConfig: Setting CVar [[r.Shadow.RadiusThreshold:0.04]]
[2020.04.17-14.16.48:353][  0]LogConfig: Setting CVar [[r.Shadow.DistanceScale:0.85]]
[2020.04.17-14.16.48:353][  0]LogConfig: Setting CVar [[r.Shadow.CSM.TransitionScale:0.8]]
[2020.04.17-14.16.48:353][  0]LogConfig: Setting CVar [[r.Shadow.PreShadowResolutionFactor:0.5]]
[2020.04.17-14.16.48:353][  0]LogConfig: Setting CVar [[r.DistanceFieldShadowing:1]]
[2020.04.17-14.16.48:353][  0]LogConfig: Setting CVar [[r.DistanceFieldAO:1]]
[2020.04.17-14.16.48:353][  0]LogConfig: Setting CVar [[r.AOQuality:1]]
[2020.04.17-14.16.48:353][  0]LogConfig: Setting CVar [[r.VolumetricFog:1]]
[2020.04.17-14.16.48:353][  0]LogConfig: Setting CVar [[r.VolumetricFog.GridPixelSize:16]]
[2020.04.17-14.16.48:353][  0]LogConfig: Setting CVar [[r.VolumetricFog.GridSizeZ:64]]
[2020.04.17-14.16.48:353][  0]LogConfig: Setting CVar [[r.VolumetricFog.HistoryMissSupersampleCount:4]]
[2020.04.17-14.16.48:353][  0]LogConfig: Setting CVar [[r.LightMaxDrawDistanceScale:1]]
[2020.04.17-14.16.48:353][  0]LogConfig: Setting CVar [[r.CapsuleShadows:1]]
[2020.04.17-14.16.48:353][  0]LogConfig: Applying CVar settings from Section [PostProcessQuality@2] File [C:/EPICGAMES/JSon_Plugin/Saved/Config/Windows/Scalability.ini]
[2020.04.17-14.16.48:354][  0]LogConfig: Setting CVar [[r.MotionBlurQuality:3]]
[2020.04.17-14.16.48:354][  0]LogConfig: Setting CVar [[r.AmbientOcclusionMipLevelFactor:0.6]]
[2020.04.17-14.16.48:354][  0]LogConfig: Setting CVar [[r.AmbientOcclusionMaxQuality:100]]
[2020.04.17-14.16.48:354][  0]LogConfig: Setting CVar [[r.AmbientOcclusionLevels:-1]]
[2020.04.17-14.16.48:354][  0]LogConfig: Setting CVar [[r.AmbientOcclusionRadiusScale:1.5]]
[2020.04.17-14.16.48:354][  0]LogConfig: Setting CVar [[r.DepthOfFieldQuality:2]]
[2020.04.17-14.16.48:354][  0]LogConfig: Setting CVar [[r.RenderTargetPoolMin:400]]
[2020.04.17-14.16.48:354][  0]LogConfig: Setting CVar [[r.LensFlareQuality:2]]
[2020.04.17-14.16.48:354][  0]LogConfig: Setting CVar [[r.SceneColorFringeQuality:1]]
[2020.04.17-14.16.48:354][  0]LogConfig: Setting CVar [[r.EyeAdaptationQuality:2]]
[2020.04.17-14.16.48:354][  0]LogConfig: Setting CVar [[r.BloomQuality:5]]
[2020.04.17-14.16.48:354][  0]LogConfig: Setting CVar [[r.FastBlurThreshold:3]]
[2020.04.17-14.16.48:354][  0]LogConfig: Setting CVar [[r.Upscale.Quality:2]]
[2020.04.17-14.16.48:354][  0]LogConfig: Setting CVar [[r.Tonemapper.GrainQuantization:1]]
[2020.04.17-14.16.48:354][  0]LogConfig: Setting CVar [[r.LightShaftQuality:1]]
[2020.04.17-14.16.48:354][  0]LogConfig: Setting CVar [[r.Filter.SizeScale:0.8]]
[2020.04.17-14.16.48:354][  0]LogConfig: Setting CVar [[r.Tonemapper.Quality:5]]
[2020.04.17-14.16.48:355][  0]LogConfig: Setting CVar [[r.DOF.Gather.AccumulatorQuality:0        ; lower gathering accumulator quality]]
[2020.04.17-14.16.48:355][  0]LogConfig: Setting CVar [[r.DOF.Gather.PostfilterMethod:2          ; Max3x3 postfilering method]]
[2020.04.17-14.16.48:355][  0]LogConfig: Setting CVar [[r.DOF.Gather.EnableBokehSettings:0       ; no bokeh simulation when gathering]]
[2020.04.17-14.16.48:355][  0]LogConfig: Setting CVar [[r.DOF.Gather.RingCount:4                 ; medium number of samples when gathering]]
[2020.04.17-14.16.48:355][  0]LogConfig: Setting CVar [[r.DOF.Scatter.ForegroundCompositing:1    ; additive foreground scattering]]
[2020.04.17-14.16.48:355][  0]LogConfig: Setting CVar [[r.DOF.Scatter.BackgroundCompositing:1    ; no background occlusion]]
[2020.04.17-14.16.48:355][  0]LogConfig: Setting CVar [[r.DOF.Scatter.EnableBokehSettings:0      ; no bokeh simulation when scattering]]
[2020.04.17-14.16.48:355][  0]LogConfig: Setting CVar [[r.DOF.Scatter.MaxSpriteRatio:0.04        ; only a maximum of 4% of scattered bokeh]]
[2020.04.17-14.16.48:355][  0]LogConfig: Setting CVar [[r.DOF.Recombine.Quality:0                ; no slight out of focus]]
[2020.04.17-14.16.48:355][  0]LogConfig: Setting CVar [[r.DOF.TemporalAAQuality:0                ; faster temporal accumulation]]
[2020.04.17-14.16.48:355][  0]LogConfig: Setting CVar [[r.DOF.Kernel.MaxForegroundRadius:0.012   ; required because of AccumulatorQuality=0]]
[2020.04.17-14.16.48:355][  0]LogConfig: Setting CVar [[r.DOF.Kernel.MaxBackgroundRadius:0.012   ; required because of AccumulatorQuality=0]]
[2020.04.17-14.16.48:355][  0]LogConfig: Applying CVar settings from Section [TextureQuality@2] File [C:/EPICGAMES/JSon_Plugin/Saved/Config/Windows/Scalability.ini]
[2020.04.17-14.16.48:355][  0]LogConfig: Setting CVar [[r.Streaming.MipBias:0]]
[2020.04.17-14.16.48:355][  0]LogConfig: Setting CVar [[r.Streaming.AmortizeCPUToGPUCopy:0]]
[2020.04.17-14.16.48:355][  0]LogConfig: Setting CVar [[r.Streaming.MaxNumTexturesToStreamPerFrame:0]]
[2020.04.17-14.16.48:355][  0]LogConfig: Setting CVar [[r.Streaming.Boost:1]]
[2020.04.17-14.16.48:356][  0]LogConfig: Setting CVar [[r.MaxAnisotropy:4]]
[2020.04.17-14.16.48:356][  0]LogConfig: Setting CVar [[r.VT.MaxAnisotropy:8]]
[2020.04.17-14.16.48:356][  0]LogConfig: Setting CVar [[r.Streaming.LimitPoolSizeToVRAM:1]]
[2020.04.17-14.16.48:356][  0]LogConfig: Setting CVar [[r.Streaming.PoolSize:800]]
[2020.04.17-14.16.48:356][  0]LogConfig: Setting CVar [[r.Streaming.MaxEffectiveScreenSize:0]]
[2020.04.17-14.16.48:356][  0]LogConfig: Applying CVar settings from Section [EffectsQuality@2] File [C:/EPICGAMES/JSon_Plugin/Saved/Config/Windows/Scalability.ini]
[2020.04.17-14.16.48:356][  0]LogConfig: Setting CVar [[r.TranslucencyLightingVolumeDim:48]]
[2020.04.17-14.16.48:356][  0]LogConfig: Setting CVar [[r.RefractionQuality:2]]
[2020.04.17-14.16.48:356][  0]LogConfig: Setting CVar [[r.SSR.Quality:2]]
[2020.04.17-14.16.48:356][  0]LogConfig: Setting CVar [[r.SSR.HalfResSceneColor:1]]
[2020.04.17-14.16.48:356][  0]LogConfig: Setting CVar [[r.SceneColorFormat:3]]
[2020.04.17-14.16.48:356][  0]LogConfig: Setting CVar [[r.DetailMode:1]]
[2020.04.17-14.16.48:356][  0]LogConfig: Setting CVar [[r.TranslucencyVolumeBlur:1]]
[2020.04.17-14.16.48:356][  0]LogConfig: Setting CVar [[r.MaterialQualityLevel:1 ; High quality]]
[2020.04.17-14.16.48:356][  0]LogConfig: Setting CVar [[r.SSS.Scale:1]]
[2020.04.17-14.16.48:356][  0]LogConfig: Setting CVar [[r.SSS.SampleSet:1]]
[2020.04.17-14.16.48:356][  0]LogConfig: Setting CVar [[r.SSS.Quality:-1]]
[2020.04.17-14.16.48:356][  0]LogConfig: Setting CVar [[r.SSS.HalfRes:1]]
[2020.04.17-14.16.48:356][  0]LogConfig: Setting CVar [[r.SSGI.Quality:2]]
[2020.04.17-14.16.48:356][  0]LogConfig: Setting CVar [[r.EmitterSpawnRateScale:0.5]]
[2020.04.17-14.16.48:357][  0]LogConfig: Setting CVar [[r.ParticleLightQuality:1]]
[2020.04.17-14.16.48:357][  0]LogConfig: Setting CVar [[r.SkyAtmosphere.AerialPerspectiveLUT.FastApplyOnOpaque:1 ; Always have FastSkyLUT 1 in this case to avoid wrong sky]]
[2020.04.17-14.16.48:357][  0]LogConfig: Setting CVar [[r.SkyAtmosphere.AerialPerspectiveLUT.SampleCountPerSlice:1]]
[2020.04.17-14.16.48:357][  0]LogConfig: Setting CVar [[r.SkyAtmosphere.AerialPerspectiveLUT.DepthResolution:16.0]]
[2020.04.17-14.16.48:357][  0]LogConfig: Setting CVar [[r.SkyAtmosphere.FastSkyLUT:1]]
[2020.04.17-14.16.48:357][  0]LogConfig: Setting CVar [[r.SkyAtmosphere.FastSkyLUT.SampleCountMin:4.0]]
[2020.04.17-14.16.48:357][  0]LogConfig: Setting CVar [[r.SkyAtmosphere.FastSkyLUT.SampleCountMax:32.0]]
[2020.04.17-14.16.48:357][  0]LogConfig: Setting CVar [[r.SkyAtmosphere.SampleCountMin:4.0]]
[2020.04.17-14.16.48:357][  0]LogConfig: Setting CVar [[r.SkyAtmosphere.SampleCountMax:32.0]]
[2020.04.17-14.16.48:357][  0]LogConfig: Setting CVar [[r.SkyAtmosphere.TransmittanceLUT.UseSmallFormat:0]]
[2020.04.17-14.16.48:357][  0]LogConfig: Setting CVar [[r.SkyAtmosphere.TransmittanceLUT.SampleCount:10.0]]
[2020.04.17-14.16.48:357][  0]LogConfig: Setting CVar [[r.SkyAtmosphere.MultiScatteringLUT.SampleCount:15.0]]
[2020.04.17-14.16.48:358][  0]LogConfig: Applying CVar settings from Section [FoliageQuality@2] File [C:/EPICGAMES/JSon_Plugin/Saved/Config/Windows/Scalability.ini]
[2020.04.17-14.16.48:358][  0]LogConfig: Setting CVar [[foliage.DensityScale:0.8]]
[2020.04.17-14.16.48:358][  0]LogConfig: Setting CVar [[grass.DensityScale:0.8]]
[2020.04.17-14.16.48:358][  0]LogConfig: Applying CVar settings from Section [ShadingQuality@3] File [C:/EPICGAMES/JSon_Plugin/Saved/Config/Windows/Scalability.ini]
[2020.04.17-14.16.48:358][  0]LogConfig: Setting CVar [[r.HairStrands.SkyLighting.SampleCount:16]]
[2020.04.17-14.16.48:358][  0]LogConfig: Setting CVar [[r.HairStrands.SkyLighting.JitterIntegration:0]]
[2020.04.17-14.16.48:358][  0]LogConfig: Setting CVar [[r.HairStrands.SkyAO.SampleCount:16]]
[2020.04.17-14.16.48:359][  0]LogConfig: Applying CVar settings from Section [Startup] File [../../../Engine/Config/ConsoleVariables.ini]
[2020.04.17-14.16.48:359][  0]LogConfig: Setting CVar [[net.UseAdaptiveNetUpdateFrequency:0]]
[2020.04.17-14.16.48:359][  0]LogConfig: Setting CVar [[p.chaos.AllowCreatePhysxBodies:1]]
[2020.04.17-14.16.48:359][  0]LogConfig: Applying CVar settings from Section [ConsoleVariables] File [C:/EPICGAMES/JSon_Plugin/Saved/Config/Windows/Engine.ini]
[2020.04.17-14.16.48:360][  0]LogInit: Computer: DESKTOP-JQ9F3V5
[2020.04.17-14.16.48:360][  0]LogInit: User: Payons
[2020.04.17-14.16.48:360][  0]LogInit: CPU Page size=4096, Cores=2
[2020.04.17-14.16.48:360][  0]LogInit: High frequency timer resolution =10.000000 MHz
[2020.04.17-14.16.48:361][  0]LogMemory: Memory total: Physical=15.9GB (16GB approx)
[2020.04.17-14.16.48:361][  0]LogMemory: Platform Memory Stats for Windows
[2020.04.17-14.16.48:361][  0]LogMemory: Process Physical Memory: 104.92 MB used, 104.93 MB peak
[2020.04.17-14.16.48:361][  0]LogMemory: Process Virtual Memory: 100.13 MB used, 100.13 MB peak
[2020.04.17-14.16.48:361][  0]LogMemory: Physical Memory: 10254.00 MB used,  6032.82 MB free, 16286.82 MB total
[2020.04.17-14.16.48:361][  0]LogMemory: Virtual Memory: 5097.65 MB used,  134212632.00 MB free, 134217728.00 MB total
[2020.04.17-14.16.48:370][  0]LogWindows: WindowsPlatformFeatures enabled
[2020.04.17-14.16.48:481][  0]LogInit: Using OS detected language (en-GB).
[2020.04.17-14.16.48:481][  0]LogInit: Using OS detected locale (en-CA).
[2020.04.17-14.16.48:483][  0]LogTextLocalizationManager: No specific localization for 'en-GB' exists, so the 'en' localization will be used.
[2020.04.17-14.16.48:663][  0]LogInit: Setting process to per monitor DPI aware
[2020.04.17-14.16.48:767][  0]LogSlate: New Slate User Created.  User Index 0, Is Virtual User: 0
[2020.04.17-14.16.48:768][  0]LogSlate: Slate User Registered.  User Index 0, Is Virtual User: 0
[2020.04.17-14.16.49:124][  0]LogHMD: Failed to initialize OpenVR with code 110
[2020.04.17-14.16.49:124][  0]LogD3D11RHI: D3D11 min allowed feature level: 11_0
[2020.04.17-14.16.49:124][  0]LogD3D11RHI: D3D11 max allowed feature level: 11_0
[2020.04.17-14.16.49:125][  0]LogD3D11RHI: D3D11 adapters:
[2020.04.17-14.16.49:267][  0]LogD3D11RHI:    0. 'NVIDIA GeForce 940MX' (Feature Level 11_0)
[2020.04.17-14.16.49:267][  0]LogD3D11RHI:       2010/0/8143 MB DedicatedVideo/DedicatedSystem/SharedSystem, Outputs:1, VendorId:0x10de
[2020.04.17-14.16.49:322][  0]LogD3D11RHI:    1. 'Intel(R) HD Graphics 620' (Feature Level 11_0)
[2020.04.17-14.16.49:323][  0]LogD3D11RHI:       128/0/8143 MB DedicatedVideo/DedicatedSystem/SharedSystem, Outputs:0, VendorId:0x8086
[2020.04.17-14.16.49:333][  0]LogD3D11RHI:    2. 'Microsoft Basic Render Driver' (Feature Level 11_0)
[2020.04.17-14.16.49:334][  0]LogD3D11RHI:       0/0/8143 MB DedicatedVideo/DedicatedSystem/SharedSystem, Outputs:0, VendorId:0x1414
[2020.04.17-14.16.49:334][  0]LogD3D11RHI: Chosen D3D11 Adapter: 0
[2020.04.17-14.16.49:384][  0]LogD3D11RHI: Creating new Direct3DDevice
[2020.04.17-14.16.49:384][  0]LogD3D11RHI:     GPU DeviceId: 0x134d (for the marketing name, search the web for "GPU Device Id")
[2020.04.17-14.16.49:384][  0]LogWindows: EnumDisplayDevices:
[2020.04.17-14.16.49:384][  0]LogWindows:    0. 'Intel(R) HD Graphics 620' (P:1 D:1)
[2020.04.17-14.16.49:385][  0]LogWindows:    1. 'Intel(R) HD Graphics 620' (P:0 D:0)
[2020.04.17-14.16.49:385][  0]LogWindows:    2. 'Intel(R) HD Graphics 620' (P:0 D:0)
[2020.04.17-14.16.49:386][  0]LogWindows: DebugString: PrimaryIsNotTheChoosenAdapter PrimaryIsNotTheChoosenAdapter PrimaryIsNotTheChoosenAdapter FoundDriverCount:0 
[2020.04.17-14.16.49:386][  0]LogD3D11RHI:     Adapter Name: NVIDIA GeForce 940MX
[2020.04.17-14.16.49:386][  0]LogD3D11RHI:   Driver Version: Unknown (internal:Unknown, unified:Unknown)
[2020.04.17-14.16.49:386][  0]LogD3D11RHI:      Driver Date: Unknown
[2020.04.17-14.16.49:386][  0]LogRHI: Texture pool is 1407 MB (70% of 2010 MB)
[2020.04.17-14.16.49:464][  0]LogD3D11RHI: RHI has support for 64 bit atomics
[2020.04.17-14.16.49:464][  0]LogD3D11RHI: Async texture creation enabled
[2020.04.17-14.16.49:481][  0]LogD3D11RHI: GPU Timing Frequency: 1000.000000 (Debug: 2 1)
[2020.04.17-14.16.50:008][  0]LogTargetPlatformManager: Display: Loaded TargetPlatform 'AllDesktop'
[2020.04.17-14.16.50:062][  0]LogTargetPlatformManager: Display: Loaded TargetPlatform 'Android'
[2020.04.17-14.16.50:063][  0]LogTargetPlatformManager: Display: Loaded TargetPlatform 'Android_ASTC'
[2020.04.17-14.16.50:063][  0]LogTargetPlatformManager: Display: Loaded TargetPlatform 'Android_ATC'
[2020.04.17-14.16.50:063][  0]LogTargetPlatformManager: Display: Loaded TargetPlatform 'Android_DXT'
[2020.04.17-14.16.50:063][  0]LogTargetPlatformManager: Display: Loaded TargetPlatform 'Android_ETC1'
[2020.04.17-14.16.50:063][  0]LogTargetPlatformManager: Display: Loaded TargetPlatform 'Android_ETC1a'
[2020.04.17-14.16.50:063][  0]LogTargetPlatformManager: Display: Loaded TargetPlatform 'Android_ETC2'
[2020.04.17-14.16.50:063][  0]LogTargetPlatformManager: Display: Loaded TargetPlatform 'Android_PVRTC'
[2020.04.17-14.16.50:063][  0]LogTargetPlatformManager: Display: Loaded TargetPlatform 'AndroidClient'
[2020.04.17-14.16.50:063][  0]LogTargetPlatformManager: Display: Loaded TargetPlatform 'Android_ASTCClient'
[2020.04.17-14.16.50:063][  0]LogTargetPlatformManager: Display: Loaded TargetPlatform 'Android_ATCClient'
[2020.04.17-14.16.50:063][  0]LogTargetPlatformManager: Display: Loaded TargetPlatform 'Android_DXTClient'
[2020.04.17-14.16.50:063][  0]LogTargetPlatformManager: Display: Loaded TargetPlatform 'Android_ETC1Client'
[2020.04.17-14.16.50:063][  0]LogTargetPlatformManager: Display: Loaded TargetPlatform 'Android_ETC1aClient'
[2020.04.17-14.16.50:064][  0]LogTargetPlatformManager: Display: Loaded TargetPlatform 'Android_ETC2Client'
[2020.04.17-14.16.50:064][  0]LogTargetPlatformManager: Display: Loaded TargetPlatform 'Android_PVRTCClient'
[2020.04.17-14.16.50:064][  0]LogTargetPlatformManager: Display: Loaded TargetPlatform 'Android_Multi'
[2020.04.17-14.16.50:064][  0]LogTargetPlatformManager: Display: Loaded TargetPlatform 'Android_MultiClient'
[2020.04.17-14.16.50:102][  0]LogTargetPlatformManager: Display: Loaded TargetPlatform 'IOSClient'
[2020.04.17-14.16.50:102][  0]LogTargetPlatformManager: Display: Loaded TargetPlatform 'IOS'
[2020.04.17-14.16.50:115][  0]LogTargetPlatformManager: Display: Loaded TargetPlatform 'LinuxNoEditor'
[2020.04.17-14.16.50:125][  0]LogTargetPlatformManager: Display: Loaded TargetPlatform 'LinuxClient'
[2020.04.17-14.16.50:136][  0]LogTargetPlatformManager: Display: Loaded TargetPlatform 'LinuxServer'
[2020.04.17-14.16.50:147][  0]LogTargetPlatformManager: Display: Loaded TargetPlatform 'LinuxAArch64NoEditor'
[2020.04.17-14.16.50:157][  0]LogTargetPlatformManager: Display: Loaded TargetPlatform 'LinuxAArch64Client'
[2020.04.17-14.16.50:167][  0]LogTargetPlatformManager: Display: Loaded TargetPlatform 'LinuxAArch64Server'
[2020.04.17-14.16.50:197][  0]LogTargetPlatformManager: Display: Loaded TargetPlatform 'Lumin'
[2020.04.17-14.16.50:197][  0]LogTargetPlatformManager: Display: Loaded TargetPlatform 'LuminClient'
[2020.04.17-14.16.50:216][  0]LogTargetPlatformManager: Display: Loaded TargetPlatform 'TVOSClient'
[2020.04.17-14.16.50:216][  0]LogTargetPlatformManager: Display: Loaded TargetPlatform 'TVOS'
[2020.04.17-14.16.50:228][  0]LogTargetPlatformManager: Display: Loaded TargetPlatform 'WindowsNoEditor'
[2020.04.17-14.16.50:241][  0]LogTargetPlatformManager: Display: Loaded TargetPlatform 'Windows'
[2020.04.17-14.16.50:254][  0]LogTargetPlatformManager: Display: Loaded TargetPlatform 'WindowsClient'
[2020.04.17-14.16.50:265][  0]LogTargetPlatformManager: Display: Loaded TargetPlatform 'WindowsServer'
[2020.04.17-14.16.50:265][  0]LogTargetPlatformManager: Display: Building Assets For Windows
[2020.04.17-14.16.50:285][  0]LogAudioDebug: Display: Lib vorbis DLL was dynamically loaded.
[2020.04.17-14.16.50:371][  0]LogShaderCompilers: Guid format shader working directory is 7 characters bigger than the processId version (../../../../../../EPICGAMES/JSon_Plugin/Intermediate/Shaders/WorkingDirectory/21764/).
[2020.04.17-14.16.50:372][  0]LogShaderCompilers: Cleaned the shader compiler working directory 'C:/Users/Payons/AppData/Local/Temp/UnrealShaderWorkingDir/43C3B7144E65A8B41D17FDAB0359CAF3/'.
[2020.04.17-14.16.50:372][  0]LogXGEController: Cleaning working directory: C:/Users/Payons/AppData/Local/Temp/UnrealXGEWorkingDir/
[2020.04.17-14.16.50:373][  0]LogXGEController: Cannot use XGE Controller as Incredibuild is not installed on this machine.
[2020.04.17-14.16.50:373][  0]LogShaderCompilers: Cannot use XGE Shader Compiler as Incredibuild is not installed on this machine.
[2020.04.17-14.16.50:373][  0]LogShaderCompilers: Display: Using Local Shader Compiler.
[2020.04.17-14.16.51:476][  0]LogDerivedDataCache: Display: Max Cache Size: 512 MB
[2020.04.17-14.16.51:535][  0]LogDerivedDataCache: Loaded boot cache 0.06s 78MB C:/Users/Payons/AppData/Local/UnrealEngine/4.24/DerivedDataCache/Boot.ddc.
[2020.04.17-14.16.51:535][  0]LogDerivedDataCache: Display: Loaded Boot cache: C:/Users/Payons/AppData/Local/UnrealEngine/4.24/DerivedDataCache/Boot.ddc
[2020.04.17-14.16.51:535][  0]LogDerivedDataCache: FDerivedDataBackendGraph:  Pak pak cache file ../../../../../../EPICGAMES/JSon_Plugin/DerivedDataCache/DDC.ddp not found, will not use a pak cache.
[2020.04.17-14.16.51:535][  0]LogDerivedDataCache: Unable to find inner node Pak for hierarchical cache Hierarchy.
[2020.04.17-14.16.51:535][  0]LogDerivedDataCache: FDerivedDataBackendGraph:  CompressedPak pak cache file ../../../../../../EPICGAMES/JSon_Plugin/DerivedDataCache/Compressed.ddp not found, will not use a pak cache.
[2020.04.17-14.16.51:535][  0]LogDerivedDataCache: Unable to find inner node CompressedPak for hierarchical cache Hierarchy.
[2020.04.17-14.16.51:546][  0]LogDerivedDataCache: Display: Pak cache opened for reading ../../../Engine/DerivedDataCache/Compressed.ddp.
[2020.04.17-14.16.51:547][  0]LogDerivedDataCache: FDerivedDataBackendGraph:  EnterprisePak pak cache file ../../../Enterprise/DerivedDataCache/Compressed.ddp not found, will not use a pak cache.
[2020.04.17-14.16.51:547][  0]LogDerivedDataCache: Unable to find inner node EnterprisePak for hierarchical cache Hierarchy.
[2020.04.17-14.16.51:550][  0]LogDerivedDataCache: Using Local data cache path C:/Users/Payons/AppData/Local/UnrealEngine/Common/DerivedDataCache: Writable
[2020.04.17-14.16.51:550][  0]LogDerivedDataCache: Shared data cache path not found in *engine.ini, will not use an Shared cache.
[2020.04.17-14.16.51:550][  0]LogDerivedDataCache: Unable to find inner node Shared for hierarchical cache Hierarchy.
[2020.04.17-14.16.51:584][  0]LogMaterial: Verifying Global Shaders for PCD3D_SM5
[2020.04.17-14.16.51:587][  0]LogSlate: Using FreeType 2.10.0
[2020.04.17-14.16.51:587][  0]LogSlate: SlateFontServices - WITH_FREETYPE: 1, WITH_HARFBUZZ: 1
[2020.04.17-14.16.51:673][  0]LogAssetRegistry: FAssetRegistry took 0.0051 seconds to start up
[2020.04.17-14.16.52:031][  0]LogInit: Selected Device Profile: [Windows]
[2020.04.17-14.16.52:238][  0]LogMeshReduction: Using QuadricMeshReduction for automatic static mesh reduction
[2020.04.17-14.16.52:238][  0]LogMeshReduction: Using SimplygonMeshReduction for automatic skeletal mesh reduction
[2020.04.17-14.16.52:238][  0]LogMeshReduction: Using ProxyLODMeshReduction for automatic mesh merging
[2020.04.17-14.16.52:238][  0]LogMeshReduction: No distributed automatic mesh merging module available
[2020.04.17-14.16.52:238][  0]LogMeshMerging: No distributed automatic mesh merging module available
[2020.04.17-14.16.52:252][  0]LogNetVersion: JSon_Plugin 1.0.0, NetCL: 10570792, EngineNetVer: 13, GameNetVer: 0 (Checksum: 2963341857)
[2020.04.17-14.16.53:688][  0]LogPackageLocalizationCache: Processed 10 localized package path(s) for 1 prioritized culture(s) in 0.040244 seconds
[2020.04.17-14.16.53:697][  0]LogUObjectArray: 46750 objects as part of root set at end of initial load.
[2020.04.17-14.16.53:697][  0]LogUObjectAllocator: 8137160 out of 0 bytes used by permanent object pool.
[2020.04.17-14.16.53:697][  0]LogUObjectArray: CloseDisregardForGC: 0/0 objects in disregard for GC pool
[2020.04.17-14.16.54:560][  0]LogTcpMessaging: Initializing TcpMessaging bridge
[2020.04.17-14.16.54:570][  0]LogUdpMessaging: Initializing bridge on interface 0.0.0.0:0 to multicast group 230.0.0.1:6666.
[2020.04.17-14.16.54:745][  0]SourceControl: Source control is disabled
[2020.04.17-14.16.54:745][  0]SourceControl: Source control is disabled
[2020.04.17-14.16.54:752][  0]SourceControl: Source control is disabled
[2020.04.17-14.16.54:757][  0]SourceControl: Source control is disabled
[2020.04.17-14.16.54:762][  0]SourceControl: Source control is disabled
[2020.04.17-14.16.54:967][  0]LogAndroidPermission: UAndroidPermissionCallbackProxy::GetInstance
[2020.04.17-14.16.54:996][  0]LogAudioCaptureCore: Display: No Audio Capture implementations found. Audio input will be silent.
[2020.04.17-14.16.54:996][  0]LogAudioCaptureCore: Display: No Audio Capture implementations found. Audio input will be silent.
[2020.04.17-14.16.55:120][  0]LogOcInput: OculusInput pre-init called
[2020.04.17-14.16.55:133][  0]LogWindows: Failed to load 'OVRPlugin.dll' (GetLastError=126)
[2020.04.17-14.16.55:133][  0]LogWindows: File 'OVRPlugin.dll' does not exist
[2020.04.17-14.16.55:226][  0]LogEngine: Initializing Engine...
[2020.04.17-14.16.55:227][  0]LogHMD: Failed to initialize OpenVR with code 110
[2020.04.17-14.16.55:229][  0]LogStats: UGameplayTagsManager::InitializeManager -  0.000 s
[2020.04.17-14.16.55:614][  0]LogInit: Initializing FReadOnlyCVARCache
[2020.04.17-14.16.55:635][  0]LogAIModule: Creating AISystem for world Untitled
[2020.04.17-14.16.55:645][  0]LogAudioMixer: Display: Audio Mixer Platform Settings:
[2020.04.17-14.16.55:646][  0]LogAudioMixer: Display: 	Sample Rate:						  48000
[2020.04.17-14.16.55:646][  0]LogAudioMixer: Display: 	Callback Buffer Frame Size Requested: 1024
[2020.04.17-14.16.55:646][  0]LogAudioMixer: Display: 	Callback Buffer Frame Size To Use:	  1024
[2020.04.17-14.16.55:646][  0]LogAudioMixer: Display: 	Number of buffers to queue:			  2
[2020.04.17-14.16.55:646][  0]LogAudioMixer: Display: 	Max Channels (voices):				  32
[2020.04.17-14.16.55:647][  0]LogAudioMixer: Display: 	Number of Async Source Workers:		  0
[2020.04.17-14.16.55:647][  0]LogAudio: Display: AudioDevice MaxSources: 32
[2020.04.17-14.16.55:648][  0]LogAudio: Display: Using built-in audio occlusion.
[2020.04.17-14.16.55:648][  0]LogAudioMixer: Display: Initializing audio mixer.
[2020.04.17-14.16.55:691][  0]LogAudioMixer: Display: Audio Device Output Speaker Info:
[2020.04.17-14.16.55:691][  0]LogAudioMixer: Display: Name: Speakers (Conexant SmartAudio HD)
[2020.04.17-14.16.55:691][  0]LogAudioMixer: Display: Is Default: Yes
[2020.04.17-14.16.55:691][  0]LogAudioMixer: Display: Sample Rate: 48000
[2020.04.17-14.16.55:691][  0]LogAudioMixer: Display: Channel Count Used: 2
[2020.04.17-14.16.55:691][  0]LogAudioMixer: Display: Device Channel Count: 2
[2020.04.17-14.16.55:691][  0]LogAudioMixer: Display: Channel Order:
[2020.04.17-14.16.55:692][  0]LogAudioMixer: Display: 0: FrontLeft
[2020.04.17-14.16.55:692][  0]LogAudioMixer: Display: 1: FrontRight
[2020.04.17-14.16.55:766][  0]LogAudioMixer: Display: Using Audio Device Speakers (Conexant SmartAudio HD)
[2020.04.17-14.16.55:774][  0]LogInit: FAudioDevice initialized.
[2020.04.17-14.16.55:774][  0]LogNetVersion: Set ProjectVersion to 1.0.0.0. Version Checksum will be recalculated on next use.
[2020.04.17-14.16.55:952][  0]LogDerivedDataCache: Saved boot cache 0.18s 78MB C:/Users/Payons/AppData/Local/UnrealEngine/4.24/DerivedDataCache/Boot.ddc.
[2020.04.17-14.16.55:952][  0]LogInit: Texture streaming: Enabled
[2020.04.17-14.16.55:983][  0]LogEngineSessionManager: EngineSessionManager initialized
[2020.04.17-14.16.55:983][  0]LogEngineSessionManager: EngineSessionManager sent abnormal shutdown report. Type=Debugger, SessionId={F8AFC002-480B-0E19-B7FC-D0A7931C5C85}
[2020.04.17-14.16.55:983][  0]LogEngineSessionManager: EngineSessionManager sent abnormal shutdown report. Type=Debugger, SessionId={D4DBB391-4735-5781-9EDD-2DA98B341782}
[2020.04.17-14.16.55:983][  0]LogEditorSessionSummary: Verbose: Initializing EditorSessionSummaryWriter for editor session tracking
[2020.04.17-14.16.55:998][  0]LogEditorSessionSummary: EditorSessionSummaryWriter initialized
[2020.04.17-14.16.56:067][  0]LogInit: Transaction tracking system initialized
[2020.04.17-14.16.56:187][  0]BlueprintLog: New page: Editor Load
[2020.04.17-14.16.56:508][  0]LocalizationService: Localization service is disabled
[2020.04.17-14.16.56:948][  0]LogFileCache: Scanning file cache for directory 'C:/EPICGAMES/JSon_Plugin/Content/' took 0.00s
[2020.04.17-14.16.56:948][  0]LogCook: Display: Max memory allowance for cook 16384mb min free memory 0mb
[2020.04.17-14.16.56:949][  0]LogCook: Display: Mobile HDR setting 1
[2020.04.17-14.16.58:037][  0]SourceControl: Source control is disabled
[2020.04.17-14.16.58:037][  0]Cmd: MAP LOAD FILE="../../../Engine/Content/Maps/Templates/Template_Default.umap" TEMPLATE=1 SHOWPROGRESS=1 FEATURELEVEL=3
[2020.04.17-14.16.58:039][  0]LightingResults: New page: Lighting Build
[2020.04.17-14.16.58:043][  0]LogWorld: UWorld::CleanupWorld for Untitled, bSessionEnded=true, bCleanupResources=true
[2020.04.17-14.16.58:043][  0]LogSlate: InvalidateAllWidgets triggered.  All widgets were invalidated
[2020.04.17-14.16.58:043][  0]MapCheck: New page: Map Check
[2020.04.17-14.16.58:043][  0]LightingResults: New page: Lighting Build
[2020.04.17-14.16.58:069][  0]LogUObjectHash: Compacting FUObjectHashTables data took   1.61ms
[2020.04.17-14.16.58:163][  0]LogAIModule: Creating AISystem for world Untitled_1
[2020.04.17-14.16.58:168][  0]LogEditorServer: Finished looking for orphan Actors (0.000 secs)
[2020.04.17-14.16.58:199][  0]LogUObjectHash: Compacting FUObjectHashTables data took   2.91ms
[2020.04.17-14.16.58:199][  0]Cmd: MAP CHECKDEP NOCLEARLOG
[2020.04.17-14.16.58:200][  0]MapCheck: Map check complete: 0 Error(s), 0 Warning(s), took 0.234ms to complete.
[2020.04.17-14.16.58:200][  0]LogFileHelpers: Loading map 'Template_Default' took 0.163
[2020.04.17-14.16.58:398][  0]LogSlate: Updating window title bar state: overlay mode, drag disabled, window buttons hidden, title bar hidden
[2020.04.17-14.16.58:413][  0]LogSlate: Updating window title bar state: overlay mode, drag disabled, window buttons hidden, title bar hidden
[2020.04.17-14.16.58:428][  0]LogSlate: Updating window title bar state: overlay mode, drag disabled, window buttons hidden, title bar hidden
[2020.04.17-14.16.58:441][  0]LogSlate: Updating window title bar state: overlay mode, drag disabled, window buttons hidden, title bar hidden
[2020.04.17-14.16.58:492][  0]LogCollectionManager: Loaded 0 collections in 0.003970 seconds
[2020.04.17-14.16.58:517][  0]LogFileCache: Scanning file cache for directory 'C:/EPICGAMES/JSon_Plugin/Saved/Collections/' took 0.00s
[2020.04.17-14.16.58:518][  0]LogFileCache: Scanning file cache for directory 'C:/EPICGAMES/JSon_Plugin/Content/Developers/Payons/Collections/' took 0.00s
[2020.04.17-14.16.58:518][  0]LogFileCache: Scanning file cache for directory 'C:/EPICGAMES/JSon_Plugin/Content/Collections/' took 0.00s
[2020.04.17-14.16.58:518][  0]LogContentBrowser: Native class hierarchy populated in 0.0163 seconds. Added 3016 classes and 720 folders.
[2020.04.17-14.16.58:528][  0]LogContentBrowser: Native class hierarchy updated for 'WidgetCarousel' in 0.0007 seconds. Added 0 classes and 0 folders.
[2020.04.17-14.16.58:728][  0]LogContentBrowser: Native class hierarchy updated for 'AddContentDialog' in 0.0006 seconds. Added 0 classes and 0 folders.
[2020.04.17-14.16.58:798][  0]LogContentBrowser: Native class hierarchy updated for 'WorldBrowser' in 0.0008 seconds. Added 2 classes and 3 folders.
[2020.04.17-14.16.58:807][  0]LogSlate: Warning: The tab "LiveLink" attempted to spawn but failed for some reason. It will not be displayed but it will still be saved in the layout settings file.
[2020.04.17-14.16.58:807][  0]LogSlate: Warning: The tab "ConcertBrowser" attempted to spawn but failed for some reason. It will not be displayed but it will still be saved in the layout settings file.
[2020.04.17-14.16.58:833][  0]LogContentBrowser: Native class hierarchy updated for 'SceneOutliner' in 0.0008 seconds. Added 2 classes and 3 folders.
[2020.04.17-14.17.00:252][  0]LogSlate: Took 0.002052 seconds to synchronously load lazily loaded font '../../../Engine/Content/Slate/Fonts/Roboto-Regular.ttf' (155K)
[2020.04.17-14.17.00:885][  0]LogSlate: Took 0.008791 seconds to synchronously load lazily loaded font '../../../Engine/Content/Slate/Fonts/Roboto-Bold.ttf' (160K)
[2020.04.17-14.17.00:901][  0]LogSlate: Took 0.002785 seconds to synchronously load lazily loaded font '../../../Engine/Content/Editor/Slate/Fonts/FontAwesome.ttf' (139K)
[2020.04.17-14.17.01:130][  0]LogRenderer: Reallocating scene render targets to support 676x280 Format 9 NumSamples 1 (Frame:1).
[2020.04.17-14.17.01:329][  0]LogContentBrowser: Native class hierarchy updated for 'HierarchicalLODOutliner' in 0.0008 seconds. Added 0 classes and 0 folders.
[2020.04.17-14.17.01:330][  0]LogLoad: (Engine Initialization) Total time: 16.42 seconds
[2020.04.17-14.17.01:330][  0]LogLoad: (Engine Initialization) Total Blueprint compile time: 0.00 seconds
[2020.04.17-14.17.01:497][  0]LogContentStreaming: Texture pool size now 800 MB
[2020.04.17-14.17.01:507][  0]LogSlate: Took 0.001394 seconds to synchronously load lazily loaded font '../../../Engine/Content/Slate/Fonts/Roboto-Light.ttf' (167K)
[2020.04.17-14.17.01:658][  3]LogAssetRegistry: Asset discovery search completed in 9.9886 seconds
[2020.04.17-14.17.01:665][  3]LogCollectionManager: Fixed up redirectors for 0 collections in 0.000010 seconds (updated 0 objects)
[2020.04.17-14.17.51:552][912]LogSlate: Took 0.000251 seconds to synchronously load lazily loaded font '../../../Engine/Content/Slate/Fonts/Roboto-Light.ttf' (167K)
[2020.04.17-14.17.51:565][912]LogAssetEditorSubsystem: Opening Asset editor for LevelScriptBlueprint /Temp/Untitled_1.Untitled_1:PersistentLevel.Untitled
[2020.04.17-14.17.51:824][912]LogContentBrowser: Native class hierarchy updated for 'BlueprintGraph' in 0.0008 seconds. Added 121 classes and 0 folders.
[2020.04.17-14.17.53:315][912]LogSlate: Took 0.001417 seconds to synchronously load lazily loaded font '../../../Engine/Content/Slate/Fonts/Roboto-BoldCondensed.ttf' (158K)
[2020.04.17-14.17.55:119][ 11]LogSlate: Window 'Untitled' being destroyed
[2020.04.17-14.18.07:562][660]LogSlate: Window 'Pick Parent Class' being destroyed
[2020.04.17-14.18.13:769][ 27]Cmd: OBJ SAVEPACKAGE PACKAGE="/Game/JsonBP" FILE="../../../../../../EPICGAMES/JSon_Plugin/Content/JsonBP.uasset" SILENT=true
[2020.04.17-14.18.13:777][ 27]LogSavePackage: Moving '../../../../../../EPICGAMES/JSon_Plugin/Saved/JsonBPD20B055B48BC5D6E8F909DAA9F9E87AE.tmp' to '../../../../../../EPICGAMES/JSon_Plugin/Content/JsonBP.uasset'
[2020.04.17-14.18.13:800][ 27]AssetCheck: New page: Asset Save: JsonBP
[2020.04.17-14.18.13:800][ 27]LogContentValidation: Display: Validating Blueprint /Game/JsonBP.JsonBP
[2020.04.17-14.18.24:994][692]LogAssetEditorSubsystem: Opening Asset editor for Blueprint /Game/JsonBP.JsonBP
[2020.04.17-14.18.26:102][693]LogRenderer: Reallocating scene render targets to support 712x440 Format 9 NumSamples 1 (Frame:1).
[2020.04.17-14.19.50:388][690]BlueprintLog: New page: Compile JsonBP
[2020.04.17-14.19.50:390][690]LogBlueprint: Error: [Compiler JsonBP] The current value of the ' Inventory Count ' pin is invalid: Array inputs (like 'Inventory Count') must have an input wired into them (try connecting a MakeArray node).
[2020.04.17-14.19.50:625][690]LogUObjectHash: Compacting FUObjectHashTables data took   4.69ms
[2020.04.17-14.20.06:618][632]BlueprintLog: New page: Compile JsonBP
[2020.04.17-14.20.06:620][632]LogBlueprint: Error: [Compiler JsonBP] The current value of the ' Inventory Count ' pin is invalid: Array inputs (like 'Inventory Count') must have an input wired into them (try connecting a MakeArray node).
[2020.04.17-14.20.06:822][632]LogUObjectHash: Compacting FUObjectHashTables data took   3.26ms
[2020.04.17-14.21.30:035][563]LogActorFactory: Actor Factory created Cube
[2020.04.17-14.21.30:559][591]LogActorFactory: Actor Factory created Cube
[2020.04.17-14.21.31:465][638]LogActorFactory: Actor Factory created Sphere
[2020.04.17-14.21.32:573][704]LogActorFactory: Actor Factory created Sphere
[2020.04.17-14.21.34:312][804]LogActorFactory: Actor Factory created Cone
[2020.04.17-14.21.35:124][852]LogActorFactory: Actor Factory created Cone
[2020.04.17-14.21.51:971][833]LogSlate: Took 0.001787 seconds to synchronously load lazily loaded font '../../../Engine/Content/Slate/Fonts/Roboto-Italic.ttf' (157K)
[2020.04.17-14.21.59:022][180]LogSlate: Window 'JsonBP' being destroyed
[2020.04.17-14.22.30:759][ 10]LogSlate: Prevented a slow task dialog from being summoned while a context menu was open
[2020.04.17-14.23.12:533][320]BlueprintLog: New page: Compile JsonBP
[2020.04.17-14.23.12:755][320]LogUObjectHash: Compacting FUObjectHashTables data took   3.45ms
[2020.04.17-14.23.15:888][501]LogTemp: Repeating last play command: Simulate
[2020.04.17-14.23.15:901][501]LogBlueprintUserMessages: Early PlayInEditor Detection: Level '/Temp/Untitled_1.Untitled_1:PersistentLevel' has LevelScriptBlueprint '/Temp/Untitled_1.Untitled_1:PersistentLevel.Untitled' with GeneratedClass '/Temp/Untitled_1.Untitled_C' with ClassGeneratedBy '/Temp/Untitled_1.Untitled_1:PersistentLevel.Untitled'
[2020.04.17-14.23.15:901][501]LogPlayLevel: PlayLevel: No blueprints needed recompiling
[2020.04.17-14.23.15:913][501]PIE: New page: SIE session: Untitled_1 (Apr. 17, 2020, 6:23:15 a.m.)
[2020.04.17-14.23.15:914][501]LogOnline: OSS: Creating online subsystem instance for: NULL
[2020.04.17-14.23.15:917][501]LogOnline: OSS: TryLoadSubsystemAndSetDefault: Loaded subsystem for module [NULL]
[2020.04.17-14.23.15:917][501]LogPlayLevel: Creating play world package: /Temp/UEDPIE_0_Untitled_1
[2020.04.17-14.23.15:922][501]LogPlayLevel: PIE: StaticDuplicateObject took: (0.004398s)
[2020.04.17-14.23.15:923][501]LogAIModule: Creating AISystem for world Untitled_1
[2020.04.17-14.23.15:924][501]LogPlayLevel: PIE: World Init took: (0.002266s)
[2020.04.17-14.23.15:924][501]LogPlayLevel: PIE: Created PIE world by copying editor world from /Temp/Untitled_1.Untitled_1 to /Temp/UEDPIE_0_Untitled_1.Untitled_1 (0.007246s)
[2020.04.17-14.23.15:965][501]LogUObjectHash: Compacting FUObjectHashTables data took   4.65ms
[2020.04.17-14.23.15:967][501]LogAudioMixer: Display: Audio Mixer Platform Settings:
[2020.04.17-14.23.15:967][501]LogAudioMixer: Display: 	Sample Rate:						  48000
[2020.04.17-14.23.15:967][501]LogAudioMixer: Display: 	Callback Buffer Frame Size Requested: 1024
[2020.04.17-14.23.15:967][501]LogAudioMixer: Display: 	Callback Buffer Frame Size To Use:	  1024
[2020.04.17-14.23.15:967][501]LogAudioMixer: Display: 	Number of buffers to queue:			  2
[2020.04.17-14.23.15:967][501]LogAudioMixer: Display: 	Max Channels (voices):				  32
[2020.04.17-14.23.15:967][501]LogAudioMixer: Display: 	Number of Async Source Workers:		  0
[2020.04.17-14.23.15:967][501]LogAudio: Display: AudioDevice MaxSources: 32
[2020.04.17-14.23.15:968][501]LogAudio: Display: Using built-in audio occlusion.
[2020.04.17-14.23.15:968][501]LogAudioMixer: Display: Initializing audio mixer.
[2020.04.17-14.23.15:990][501]LogAudioMixer: Display: Audio Device Output Speaker Info:
[2020.04.17-14.23.15:990][501]LogAudioMixer: Display: Name: Speakers (Conexant SmartAudio HD)
[2020.04.17-14.23.15:990][501]LogAudioMixer: Display: Is Default: Yes
[2020.04.17-14.23.15:991][501]LogAudioMixer: Display: Sample Rate: 48000
[2020.04.17-14.23.15:991][501]LogAudioMixer: Display: Channel Count Used: 2
[2020.04.17-14.23.15:991][501]LogAudioMixer: Display: Device Channel Count: 2
[2020.04.17-14.23.15:991][501]LogAudioMixer: Display: Channel Order:
[2020.04.17-14.23.15:991][501]LogAudioMixer: Display: 0: FrontLeft
[2020.04.17-14.23.15:991][501]LogAudioMixer: Display: 1: FrontRight
[2020.04.17-14.23.16:040][501]LogAudioMixer: Display: Using Audio Device Speakers (Conexant SmartAudio HD)
[2020.04.17-14.23.16:043][501]LogInit: FAudioDevice initialized.
[2020.04.17-14.23.16:060][501]LogLoad: Game class is 'GameModeBase'
[2020.04.17-14.23.16:062][501]LogWorld: Bringing World /Temp/UEDPIE_0_Untitled_1.Untitled_1 up for play (max tick rate 60) at 2020.04.17-10.23.16
[2020.04.17-14.23.16:062][501]LogWorld: Bringing up level for play took: 0.000815
[2020.04.17-14.23.16:063][501]LogOnline: OSS: Creating online subsystem instance for: :Context_5
[2020.04.17-14.23.16:074][501]LogContentBrowser: Native class hierarchy updated for 'MovieSceneCapture' in 0.0007 seconds. Added 20 classes and 0 folders.
[2020.04.17-14.23.16:075][501]PIE: Play in editor start time for /Temp/UEDPIE_0_Untitled_1 1.08
[2020.04.17-14.23.16:093][501]LogBlueprintUserMessages: Late PlayInEditor Detection: Level '/Temp/Untitled_1.Untitled_1:PersistentLevel' has LevelScriptBlueprint '/Temp/Untitled_1.Untitled_1:PersistentLevel.Untitled' with GeneratedClass '/Temp/Untitled_1.Untitled_C' with ClassGeneratedBy '/Temp/Untitled_1.Untitled_1:PersistentLevel.Untitled'
[2020.04.17-14.23.54:176][504]LogAudioMixer: Display: No commands were queued while flushing the source manager.
[2020.04.17-14.23.54:176][504]LogAudioMixer: Display: No commands were queued while flushing the source manager.
[2020.04.17-14.23.54:176][504]LogBlueprintUserMessages: Early EndPlayMap Detection: Level '/Temp/Untitled_1.Untitled_1:PersistentLevel' has LevelScriptBlueprint '/Temp/Untitled_1.Untitled_1:PersistentLevel.Untitled' with GeneratedClass '/Temp/Untitled_1.Untitled_C' with ClassGeneratedBy '/Temp/Untitled_1.Untitled_1:PersistentLevel.Untitled'
[2020.04.17-14.23.54:177][504]LogSlate: Updating window title bar state: overlay mode, drag disabled, window buttons hidden, title bar hidden
[2020.04.17-14.23.54:177][504]LogWorld: BeginTearingDown for /Temp/UEDPIE_0_Untitled_1
[2020.04.17-14.23.54:178][504]LogAudioMixer: Display: No commands were queued while flushing the source manager.
[2020.04.17-14.23.54:179][504]LogWorld: UWorld::CleanupWorld for Untitled_1, bSessionEnded=true, bCleanupResources=true
[2020.04.17-14.23.54:179][504]LogSlate: InvalidateAllWidgets triggered.  All widgets were invalidated
[2020.04.17-14.23.54:194][504]LogPlayLevel: Display: Shutting down PIE online subsystems
[2020.04.17-14.23.54:195][504]LogBlueprintUserMessages: Late EndPlayMap Detection: Level '/Temp/Untitled_1.Untitled_1:PersistentLevel' has LevelScriptBlueprint '/Temp/Untitled_1.Untitled_1:PersistentLevel.Untitled' with GeneratedClass '/Temp/Untitled_1.Untitled_C' with ClassGeneratedBy '/Temp/Untitled_1.Untitled_1:PersistentLevel.Untitled'
[2020.04.17-14.23.54:200][504]LogSlate: InvalidateAllWidgets triggered.  All widgets were invalidated
[2020.04.17-14.23.54:241][504]LogAudioMixer: Display: No commands were queued while flushing the source manager.
[2020.04.17-14.23.54:248][504]LogSlate: Updating window title bar state: overlay mode, drag disabled, window buttons hidden, title bar hidden
[2020.04.17-14.23.54:269][504]LogUObjectHash: Compacting FUObjectHashTables data took   4.47ms
[2020.04.17-14.23.54:883][505]LogPlayLevel: Display: Destroying online subsystem :Context_5
[2020.04.17-14.24.06:763][215]BlueprintLog: New page: Compile JsonBP
[2020.04.17-14.24.06:766][215]LogBlueprint: Error: [Compiler JsonBP] The current value of the ' Inventory Count ' pin is invalid: Array inputs (like 'Inventory Count') must have an input wired into them (try connecting a MakeArray node).
[2020.04.17-14.24.07:025][215]LogUObjectHash: Compacting FUObjectHashTables data took   4.02ms
